Log file open, 02/03/24 19:02:46
LogWindows: Failed to load 'aqProf.dll' (GetLastError=126)
LogWindows: File 'aqProf.dll' does not exist
LogWindows: Failed to load 'VtuneApi.dll' (GetLastError=126)
LogWindows: File 'VtuneApi.dll' does not exist
LogWindows: Failed to load 'VtuneApi32e.dll' (GetLastError=126)
LogWindows: File 'VtuneApi32e.dll' does not exist
LogConsoleResponse: Display: Failed to find resolution value strings in scalability ini. Falling back to default.
LogConsoleResponse: Display: Failed to find resolution value strings in scalability ini. Falling back to default.
LogInit: Display: Running engine for game: BasicTraining
LogPlatformFile: Not using cached read wrapper
LogTaskGraph: Started task graph with 5 named threads and 59 total threads with 3 sets of task threads.
LogStats: Stats thread started at 0.503362
LogICUInternationalization: ICU TimeZone Detection - Raw Offset: +8:00, Platform Override: ''
LogInit: Display: Loading text-based GConfig....
LogPluginManager: Mounting plugin MeshPainting
LogPluginManager: Mounting plugin XGEController
LogPluginManager: Mounting plugin Paper2D
LogPluginManager: Mounting plugin LightPropagationVolume
LogPluginManager: Mounting plugin AISupport
LogPluginManager: Mounting plugin EnvironmentQueryEditor
LogPluginManager: Mounting plugin LiveLink
LogPluginManager: Mounting plugin AnimationSharing
LogPluginManager: Mounting plugin CameraShakePreviewer
LogPluginManager: Mounting plugin KDevelopSourceCodeAccess
LogPluginManager: Mounting plugin CLionSourceCodeAccess
LogPluginManager: Mounting plugin NullSourceCodeAccess
LogPluginManager: Mounting plugin GitSourceControl
LogPluginManager: Mounting plugin CodeLiteSourceCodeAccess
LogPluginManager: Mounting plugin PerforceSourceControl
LogPluginManager: Mounting plugin PlasticSourceControl
LogPluginManager: Mounting plugin PluginUtils
LogPluginManager: Mounting plugin PropertyAccessNode
LogPluginManager: Mounting plugin RiderSourceCodeAccess
LogPluginManager: Mounting plugin PixWinPlugin
LogPluginManager: Mounting plugin SubversionSourceControl
LogPluginManager: Mounting plugin TextureFormatOodle
LogPluginManager: Mounting plugin VisualStudioCodeSourceCodeAccess
LogPluginManager: Mounting plugin VisualStudioSourceCodeAccess
LogPluginManager: Mounting plugin UObjectPlugin
LogPluginManager: Mounting plugin AssetManagerEditor
LogPluginManager: Mounting plugin XCodeSourceCodeAccess
LogPluginManager: Mounting plugin CryptoKeys
LogPluginManager: Mounting plugin DataValidation
LogPluginManager: Mounting plugin GameplayTagsEditor
LogPluginManager: Mounting plugin FacialAnimation
LogPluginManager: Mounting plugin CurveEditorTools
LogPluginManager: Mounting plugin MaterialAnalyzer
LogPluginManager: Mounting plugin GeometryMode
LogPluginManager: Mounting plugin OodleData
LogPluginManager: Mounting plugin SpeedTreeImporter
LogPluginManager: Mounting plugin MacGraphicsSwitching
LogPluginManager: Mounting plugin MobileLauncherProfileWizard
LogPluginManager: Mounting plugin OodleNetwork
LogPluginManager: Mounting plugin PluginBrowser
LogPluginManager: Mounting plugin Niagara
LogPluginManager: Mounting plugin DatasmithContent
LogPluginManager: Mounting plugin VariantManagerContent
LogPluginManager: Mounting plugin LuminPlatformFeatures
LogPluginManager: Mounting plugin MagicLeap
LogPluginManager: Mounting plugin AlembicImporter
LogPluginManager: Mounting plugin AutomationUtils
LogPluginManager: Mounting plugin BackChannel
LogPluginManager: Mounting plugin MagicLeapMedia
LogPluginManager: Mounting plugin ChaosCloth
LogPluginManager: Mounting plugin MagicLeapLightEstimation
LogPluginManager: Mounting plugin MagicLeapPassableWorld
LogPluginManager: Mounting plugin ChaosClothEditor
LogPluginManager: Mounting plugin ChaosSolverPlugin
LogPluginManager: Mounting plugin ChaosNiagara
LogPluginManager: Mounting plugin CharacterAI
LogPluginManager: Mounting plugin ChaosEditor
LogPluginManager: Mounting plugin MLSDK
LogPluginManager: Mounting plugin AvfMedia
LogPluginManager: Mounting plugin AndroidMedia
LogPluginManager: Mounting plugin ImgMedia
LogPluginManager: Mounting plugin MediaCompositing
LogPluginManager: Mounting plugin MediaPlayerEditor
LogPluginManager: Mounting plugin WebMMedia
LogPluginManager: Mounting plugin WmfMedia
LogPluginManager: Mounting plugin GeometryCollectionPlugin
LogPluginManager: Mounting plugin GeometryCache
LogPluginManager: Mounting plugin GeometryProcessing
LogPluginManager: Mounting plugin UdpMessaging
LogPluginManager: Mounting plugin OpenImageDenoise
LogPluginManager: Mounting plugin TcpMessaging
LogPluginManager: Mounting plugin PlatformCrypto
LogPluginManager: Mounting plugin PythonScriptPlugin
LogPluginManager: Mounting plugin MotoSynth
LogPluginManager: Mounting plugin PlanarCut
LogPluginManager: Mounting plugin ProxyLODPlugin
LogPluginManager: Mounting plugin SkeletalReduction
LogPluginManager: Mounting plugin OnlineSubsystem
LogPluginManager: Mounting plugin OnlineSubsystemNull
LogPluginManager: Mounting plugin OnlineSubsystemUtils
LogPluginManager: Mounting plugin LevelSequenceEditor
LogPluginManager: Mounting plugin MatineeToLevelSequence
LogPluginManager: Mounting plugin ActorSequence
LogPluginManager: Mounting plugin LauncherChunkInstaller
LogPluginManager: Mounting plugin TemplateSequence
LogPluginManager: Mounting plugin ActorLayerUtilities
LogPluginManager: Mounting plugin AndroidPermission
LogPluginManager: Mounting plugin AndroidMoviePlayer
LogPluginManager: Mounting plugin AppleMoviePlayer
LogPluginManager: Mounting plugin AudioCapture
LogPluginManager: Mounting plugin AudioSynesthesia
LogPluginManager: Mounting plugin ChunkDownloader
LogPluginManager: Mounting plugin AndroidDeviceProfileSelector
LogPluginManager: Mounting plugin CustomMeshComponent
LogPluginManager: Mounting plugin AssetTags
LogPluginManager: Mounting plugin AppleImageUtils
LogPluginManager: Mounting plugin ArchVisCharacter
LogPluginManager: Mounting plugin EditableMesh
LogPluginManager: Mounting plugin CableComponent
LogPluginManager: Mounting plugin ExampleDeviceProfileSelector
LogPluginManager: Mounting plugin ScreenshotTools
LogPluginManager: Mounting plugin GoogleCloudMessaging
LogPluginManager: Mounting plugin GooglePAD
LogPluginManager: Mounting plugin IOSDeviceProfileSelector
LogPluginManager: Mounting plugin LinuxDeviceProfileSelector
LogPluginManager: Mounting plugin Takes
LogPluginManager: Mounting plugin LocationServicesBPLibrary
LogPluginManager: Mounting plugin MobilePatchingUtils
LogPluginManager: Mounting plugin OpenXRHandTracking
LogPluginManager: Mounting plugin OpenXREyeTracker
LogPluginManager: Mounting plugin OpenXR
LogPluginManager: Mounting plugin PostSplashScreen
LogPluginManager: Mounting plugin PhysXVehicles
LogPluginManager: Mounting plugin ProceduralMeshComponent
LogPluginManager: Mounting plugin RuntimePhysXCooking
LogPluginManager: Mounting plugin SignificanceManager
LogPluginManager: Mounting plugin SoundFields
LogPluginManager: Mounting plugin PropertyAccessEditor
LogPluginManager: Mounting plugin Synthesis
LogPluginManager: Mounting plugin WebMMoviePlayer
LogPluginManager: Mounting plugin WindowsMoviePlayer
LogPluginManager: Mounting plugin GameplayCameras
LogPluginManager: Mounting plugin ContentBrowserAssetDataSource
LogPluginManager: Mounting plugin ContentBrowserClassDataSource
LogPluginManager: Mounting plugin ContentBrowserFileDataSource
LogPluginManager: Mounting plugin RiderLink
LogPluginManager: Mounting plugin OnlineSubsystemGooglePlay
LogPluginManager: Mounting plugin OnlineSubsystemIOS
LogPluginManager: Mounting plugin OculusVR
LogPluginManager: Mounting plugin SteamVR
PixWinPlugin: PIX capture plugin failed to initialize! Check that the process is launched from PIX.
LogInit: Using libcurl 7.55.1-DEV
LogInit:  - built for x86_64-pc-win32
LogInit:  - supports SSL with OpenSSL/1.1.1
LogInit:  - supports HTTP deflate (compression) using libz 1.2.8
LogInit:  - other features:
LogInit:      CURL_VERSION_SSL
LogInit:      CURL_VERSION_LIBZ
LogInit:      CURL_VERSION_IPV6
LogInit:      CURL_VERSION_ASYNCHDNS
LogInit:      CURL_VERSION_LARGEFILE
LogInit:      CURL_VERSION_IDN
LogInit:  CurlRequestOptions (configurable via config and command line):
LogInit:  - bVerifyPeer = true  - Libcurl will verify peer certificate
LogInit:  - bUseHttpProxy = false  - Libcurl will NOT use HTTP proxy
LogInit:  - bDontReuseConnections = false  - Libcurl will reuse connections
LogInit:  - MaxHostConnections = 16  - Libcurl will limit the number of connections to a host
LogInit:  - LocalHostAddr = Default
LogInit:  - BufferSize = 65536
LogOnline: OSS: Creating online subsystem instance for: NULL
LogInit: WinSock: version 1.1 (2.2), MaxSocks=32767, MaxUdp=65467
LogOnline: OSS: TryLoadSubsystemAndSetDefault: Loaded subsystem for module [NULL]
LogOculusPluginWrapper: OculusPlugin initialized successfully
LogHMD: Failed initializing OVRPlugin 1.59.0
LogInit: Build: ++UE4+Release-4.27-CL-18319896
LogInit: Engine Version: 4.27.2-18319896+++UE4+Release-4.27
LogInit: Compatible Engine Version: 4.27.0-17155196+++UE4+Release-4.27
LogInit: Net CL: 17155196
LogInit: OS: Windows 10 (Release 2009) (), CPU: Intel(R) Core(TM) i9-10900K CPU @ 3.70GHz, GPU: NVIDIA GeForce RTX 3080
LogInit: Compiled (64-bit): Nov 30 2021 07:12:08
LogInit: Compiled with Visual C++: 19.24.28315.00
LogInit: Build Configuration: Development
LogInit: Branch Name: ++UE4+Release-4.27
LogInit: Command Line:  -skipcompile
LogInit: Base Directory: C:/Program Files/Epic Games/UE_4.27/Engine/Binaries/Win64/
LogInit: Allocator: TBB
LogInit: Installed Engine Build: 1
LogDevObjectVersion: Number of dev versions registered: 29
LogDevObjectVersion:   Dev-Blueprints (B0D832E4-1F89-4F0D-ACCF-7EB736FD4AA2): 10
LogDevObjectVersion:   Dev-Build (E1C64328-A22C-4D53-A36C-8E866417BD8C): 0
LogDevObjectVersion:   Dev-Core (375EC13C-06E4-48FB-B500-84F0262A717E): 4
LogDevObjectVersion:   Dev-Editor (E4B068ED-F494-42E9-A231-DA0B2E46BB41): 40
LogDevObjectVersion:   Dev-Framework (CFFC743F-43B0-4480-9391-14DF171D2073): 37
LogDevObjectVersion:   Dev-Mobile (B02B49B5-BB20-44E9-A304-32B752E40360): 3
LogDevObjectVersion:   Dev-Networking (A4E4105C-59A1-49B5-A7C5-40C4547EDFEE): 0
LogDevObjectVersion:   Dev-Online (39C831C9-5AE6-47DC-9A44-9C173E1C8E7C): 0
LogDevObjectVersion:   Dev-Physics (78F01B33-EBEA-4F98-B9B4-84EACCB95AA2): 14
LogDevObjectVersion:   Dev-Platform (6631380F-2D4D-43E0-8009-CF276956A95A): 0
LogDevObjectVersion:   Dev-Rendering (12F88B9F-8875-4AFC-A67C-D90C383ABD29): 45
LogDevObjectVersion:   Dev-Sequencer (7B5AE74C-D270-4C10-A958-57980B212A5A): 13
LogDevObjectVersion:   Dev-VR (D7296918-1DD6-4BDD-9DE2-64A83CC13884): 3
LogDevObjectVersion:   Dev-LoadTimes (C2A15278-BFE7-4AFE-6C17-90FF531DF755): 1
LogDevObjectVersion:   Private-Geometry (6EACA3D4-40EC-4CC1-B786-8BED09428FC5): 3
LogDevObjectVersion:   Dev-AnimPhys (29E575DD-E0A3-4627-9D10-D276232CDCEA): 17
LogDevObjectVersion:   Dev-Anim (AF43A65D-7FD3-4947-9873-3E8ED9C1BB05): 15
LogDevObjectVersion:   Dev-ReflectionCapture (6B266CEC-1EC7-4B8F-A30B-E4D90942FC07): 1
LogDevObjectVersion:   Dev-Automation (0DF73D61-A23F-47EA-B727-89E90C41499A): 1
LogDevObjectVersion:   FortniteMain (601D1886-AC64-4F84-AA16-D3DE0DEAC7D6): 47
LogDevObjectVersion:   FortniteRelease (E7086368-6B23-4C58-8439-1B7016265E91): 1
LogDevObjectVersion:   Dev-Enterprise (9DFFBCD6-494F-0158-E221-12823C92A888): 10
LogDevObjectVersion:   Dev-Niagara (F2AED0AC-9AFE-416F-8664-AA7FFA26D6FC): 1
LogDevObjectVersion:   Dev-Destruction (174F1F0B-B4C6-45A5-B13F-2EE8D0FB917D): 10
LogDevObjectVersion:   Dev-Physics-Ext (35F94A83-E258-406C-A318-09F59610247C): 41
LogDevObjectVersion:   Dev-PhysicsMaterial-Chaos (B68FC16E-8B1B-42E2-B453-215C058844FE): 1
LogDevObjectVersion:   Dev-CineCamera (B2E18506-4273-CFC2-A54E-F4BB758BBA07): 1
LogDevObjectVersion:   Dev-VirtualProduction (64F58936-FD1B-42BA-BA96-7289D5D0FA4E): 1
LogDevObjectVersion:   Dev-MediaFramework (6F0ED827-A609-4895-9C91-998D90180EA4): 2
LogInit: Presizing for max 25165824 objects, including 0 objects not considered by GC, pre-allocating 0 bytes for permanent pool.
LogConfig: Applying CVar settings from Section [/Script/Engine.StreamingSettings] File [D:/GitHub/UE_Learning/BasicTraining/Saved/Config/Windows/Engine.ini]
LogConfig: Setting CVar [[s.MinBulkDataSizeForAsyncLoading:131072]]
LogConfig: Setting CVar [[s.AsyncLoadingThreadEnabled:0]]
LogConfig: Setting CVar [[s.EventDrivenLoaderEnabled:1]]
LogConfig: Setting CVar [[s.WarnIfTimeLimitExceeded:0]]
LogConfig: Setting CVar [[s.TimeLimitExceededMultiplier:1.5]]
LogConfig: Setting CVar [[s.TimeLimitExceededMinTime:0.005]]
LogConfig: Setting CVar [[s.UseBackgroundLevelStreaming:1]]
LogConfig: Setting CVar [[s.PriorityAsyncLoadingExtraTime:15.0]]
LogConfig: Setting CVar [[s.LevelStreamingActorsUpdateTimeLimit:5.0]]
LogConfig: Setting CVar [[s.PriorityLevelStreamingActorsUpdateExtraTime:5.0]]
LogConfig: Setting CVar [[s.LevelStreamingComponentsRegistrationGranularity:10]]
LogConfig: Setting CVar [[s.UnregisterComponentsTimeLimit:1.0]]
LogConfig: Setting CVar [[s.LevelStreamingComponentsUnregistrationGranularity:5]]
LogConfig: Setting CVar [[s.FlushStreamingOnExit:1]]
LogInit: Object subsystem initialized
LogConfig: Setting CVar [[con.DebugEarlyDefault:1]]
LogConfig: Setting CVar [[r.setres:1280x720]]
[2024.02.03-11.02.46:914][  0]LogConfig: Setting CVar [[r.VSync:0]]
[2024.02.03-11.02.46:914][  0]LogConfig: Setting CVar [[r.RHICmdBypass:0]]
[2024.02.03-11.02.46:914][  0]LogConfig: Applying CVar settings from Section [/Script/Engine.RendererSettings] File [D:/GitHub/UE_Learning/BasicTraining/Saved/Config/Windows/Engine.ini]
[2024.02.03-11.02.46:914][  0]LogConfig: Setting CVar [[r.GPUCrashDebugging:0]]
[2024.02.03-11.02.46:914][  0]LogConfig: Applying CVar settings from Section [/Script/Engine.RendererOverrideSettings] File [D:/GitHub/UE_Learning/BasicTraining/Saved/Config/Windows/Engine.ini]
[2024.02.03-11.02.46:914][  0]LogConfig: Applying CVar settings from Section [/Script/Engine.StreamingSettings] File [D:/GitHub/UE_Learning/BasicTraining/Saved/Config/Windows/Engine.ini]
[2024.02.03-11.02.46:914][  0]LogConfig: Setting CVar [[s.MinBulkDataSizeForAsyncLoading:131072]]
[2024.02.03-11.02.46:914][  0]LogConfig: Setting CVar [[s.AsyncLoadingThreadEnabled:0]]
[2024.02.03-11.02.46:914][  0]LogConfig: Setting CVar [[s.EventDrivenLoaderEnabled:1]]
[2024.02.03-11.02.46:914][  0]LogConfig: Setting CVar [[s.WarnIfTimeLimitExceeded:0]]
[2024.02.03-11.02.46:914][  0]LogConfig: Setting CVar [[s.TimeLimitExceededMultiplier:1.5]]
[2024.02.03-11.02.46:914][  0]LogConfig: Setting CVar [[s.TimeLimitExceededMinTime:0.005]]
[2024.02.03-11.02.46:914][  0]LogConfig: Setting CVar [[s.UseBackgroundLevelStreaming:1]]
[2024.02.03-11.02.46:914][  0]LogConfig: Setting CVar [[s.PriorityAsyncLoadingExtraTime:15.0]]
[2024.02.03-11.02.46:914][  0]LogConfig: Setting CVar [[s.LevelStreamingActorsUpdateTimeLimit:5.0]]
[2024.02.03-11.02.46:914][  0]LogConfig: Setting CVar [[s.PriorityLevelStreamingActorsUpdateExtraTime:5.0]]
[2024.02.03-11.02.46:914][  0]LogConfig: Setting CVar [[s.LevelStreamingComponentsRegistrationGranularity:10]]
[2024.02.03-11.02.46:914][  0]LogConfig: Setting CVar [[s.UnregisterComponentsTimeLimit:1.0]]
[2024.02.03-11.02.46:914][  0]LogConfig: Setting CVar [[s.LevelStreamingComponentsUnregistrationGranularity:5]]
[2024.02.03-11.02.46:914][  0]LogConfig: Setting CVar [[s.FlushStreamingOnExit:1]]
[2024.02.03-11.02.46:914][  0]LogConfig: Applying CVar settings from Section [/Script/Engine.GarbageCollectionSettings] File [D:/GitHub/UE_Learning/BasicTraining/Saved/Config/Windows/Engine.ini]
[2024.02.03-11.02.46:914][  0]LogConfig: Setting CVar [[gc.MaxObjectsNotConsideredByGC:1]]
[2024.02.03-11.02.46:914][  0]LogConfig: Setting CVar [[gc.SizeOfPermanentObjectPool:0]]
[2024.02.03-11.02.46:914][  0]LogConfig: Setting CVar [[gc.FlushStreamingOnGC:0]]
[2024.02.03-11.02.46:914][  0]LogConfig: Setting CVar [[gc.NumRetriesBeforeForcingGC:10]]
[2024.02.03-11.02.46:914][  0]LogConfig: Setting CVar [[gc.AllowParallelGC:1]]
[2024.02.03-11.02.46:914][  0]LogConfig: Setting CVar [[gc.TimeBetweenPurgingPendingKillObjects:61.1]]
[2024.02.03-11.02.46:914][  0]LogConfig: Setting CVar [[gc.MaxObjectsInEditor:25165824]]
[2024.02.03-11.02.46:914][  0]LogConfig: Setting CVar [[gc.IncrementalBeginDestroyEnabled:1]]
[2024.02.03-11.02.46:914][  0]LogConfig: Setting CVar [[gc.CreateGCClusters:1]]
[2024.02.03-11.02.46:914][  0]LogConfig: Setting CVar [[gc.MinGCClusterSize:5]]
[2024.02.03-11.02.46:914][  0]LogConfig: Setting CVar [[gc.ActorClusteringEnabled:0]]
[2024.02.03-11.02.46:914][  0]LogConfig: Setting CVar [[gc.BlueprintClusteringEnabled:0]]
[2024.02.03-11.02.46:914][  0]LogConfig: Setting CVar [[gc.UseDisregardForGCOnDedicatedServers:0]]
[2024.02.03-11.02.46:914][  0]LogConfig: Setting CVar [[gc.MultithreadedDestructionEnabled:1]]
[2024.02.03-11.02.46:914][  0]LogConfig: Applying CVar settings from Section [/Script/Engine.NetworkSettings] File [D:/GitHub/UE_Learning/BasicTraining/Saved/Config/Windows/Engine.ini]
[2024.02.03-11.02.46:914][  0]LogConfig: Applying CVar settings from Section [/Script/UnrealEd.CookerSettings] File [D:/GitHub/UE_Learning/BasicTraining/Saved/Config/Windows/Engine.ini]
[2024.02.03-11.02.46:933][  0]LogConfig: Applying CVar settings from Section [ViewDistanceQuality@3] File [D:/GitHub/UE_Learning/BasicTraining/Saved/Config/Windows/Scalability.ini]
[2024.02.03-11.02.46:933][  0]LogConfig: Setting CVar [[r.SkeletalMeshLODBias:0]]
[2024.02.03-11.02.46:933][  0]LogConfig: Setting CVar [[r.ViewDistanceScale:1.0]]
[2024.02.03-11.02.46:933][  0]LogConfig: Applying CVar settings from Section [AntiAliasingQuality@3] File [D:/GitHub/UE_Learning/BasicTraining/Saved/Config/Windows/Scalability.ini]
[2024.02.03-11.02.46:933][  0]LogConfig: Setting CVar [[r.PostProcessAAQuality:4]]
[2024.02.03-11.02.46:933][  0]LogConfig: Applying CVar settings from Section [ShadowQuality@3] File [D:/GitHub/UE_Learning/BasicTraining/Saved/Config/Windows/Scalability.ini]
[2024.02.03-11.02.46:933][  0]LogConfig: Setting CVar [[r.LightFunctionQuality:1]]
[2024.02.03-11.02.46:933][  0]LogConfig: Setting CVar [[r.ShadowQuality:5]]
[2024.02.03-11.02.46:933][  0]LogConfig: Setting CVar [[r.Shadow.CSM.MaxCascades:10]]
[2024.02.03-11.02.46:933][  0]LogConfig: Setting CVar [[r.Shadow.MaxResolution:2048]]
[2024.02.03-11.02.46:933][  0]LogConfig: Setting CVar [[r.Shadow.MaxCSMResolution:2048]]
[2024.02.03-11.02.46:933][  0]LogConfig: Setting CVar [[r.Shadow.RadiusThreshold:0.01]]
[2024.02.03-11.02.46:933][  0]LogConfig: Setting CVar [[r.Shadow.DistanceScale:1.0]]
[2024.02.03-11.02.46:933][  0]LogConfig: Setting CVar [[r.Shadow.CSM.TransitionScale:1.0]]
[2024.02.03-11.02.46:933][  0]LogConfig: Setting CVar [[r.Shadow.PreShadowResolutionFactor:1.0]]
[2024.02.03-11.02.46:933][  0]LogConfig: Setting CVar [[r.DistanceFieldShadowing:1]]
[2024.02.03-11.02.46:933][  0]LogConfig: Setting CVar [[r.DistanceFieldAO:1]]
[2024.02.03-11.02.46:933][  0]LogConfig: Setting CVar [[r.AOQuality:2]]
[2024.02.03-11.02.46:933][  0]LogConfig: Setting CVar [[r.VolumetricFog:1]]
[2024.02.03-11.02.46:933][  0]LogConfig: Setting CVar [[r.VolumetricFog.GridPixelSize:8]]
[2024.02.03-11.02.46:933][  0]LogConfig: Setting CVar [[r.VolumetricFog.GridSizeZ:128]]
[2024.02.03-11.02.46:933][  0]LogConfig: Setting CVar [[r.VolumetricFog.HistoryMissSupersampleCount:4]]
[2024.02.03-11.02.46:933][  0]LogConfig: Setting CVar [[r.LightMaxDrawDistanceScale:1]]
[2024.02.03-11.02.46:933][  0]LogConfig: Setting CVar [[r.CapsuleShadows:1]]
[2024.02.03-11.02.46:933][  0]LogConfig: Applying CVar settings from Section [PostProcessQuality@3] File [D:/GitHub/UE_Learning/BasicTraining/Saved/Config/Windows/Scalability.ini]
[2024.02.03-11.02.46:933][  0]LogConfig: Setting CVar [[r.MotionBlurQuality:4]]
[2024.02.03-11.02.46:933][  0]LogConfig: Setting CVar [[r.AmbientOcclusionMipLevelFactor:0.4]]
[2024.02.03-11.02.46:933][  0]LogConfig: Setting CVar [[r.AmbientOcclusionMaxQuality:100]]
[2024.02.03-11.02.46:933][  0]LogConfig: Setting CVar [[r.AmbientOcclusionLevels:-1]]
[2024.02.03-11.02.46:933][  0]LogConfig: Setting CVar [[r.AmbientOcclusionRadiusScale:1.0]]
[2024.02.03-11.02.46:933][  0]LogConfig: Setting CVar [[r.DepthOfFieldQuality:2]]
[2024.02.03-11.02.46:933][  0]LogConfig: Setting CVar [[r.RenderTargetPoolMin:400]]
[2024.02.03-11.02.46:933][  0]LogConfig: Setting CVar [[r.LensFlareQuality:2]]
[2024.02.03-11.02.46:933][  0]LogConfig: Setting CVar [[r.SceneColorFringeQuality:1]]
[2024.02.03-11.02.46:933][  0]LogConfig: Setting CVar [[r.EyeAdaptationQuality:2]]
[2024.02.03-11.02.46:933][  0]LogConfig: Setting CVar [[r.BloomQuality:5]]
[2024.02.03-11.02.46:933][  0]LogConfig: Setting CVar [[r.FastBlurThreshold:100]]
[2024.02.03-11.02.46:933][  0]LogConfig: Setting CVar [[r.Upscale.Quality:3]]
[2024.02.03-11.02.46:933][  0]LogConfig: Setting CVar [[r.Tonemapper.GrainQuantization:1]]
[2024.02.03-11.02.46:933][  0]LogConfig: Setting CVar [[r.LightShaftQuality:1]]
[2024.02.03-11.02.46:933][  0]LogConfig: Setting CVar [[r.Filter.SizeScale:1]]
[2024.02.03-11.02.46:933][  0]LogConfig: Setting CVar [[r.Tonemapper.Quality:5]]
[2024.02.03-11.02.46:933][  0]LogConfig: Setting CVar [[r.DOF.Gather.AccumulatorQuality:1        ; higher gathering accumulator quality]]
[2024.02.03-11.02.46:933][  0]LogConfig: Setting CVar [[r.DOF.Gather.PostfilterMethod:1          ; Median3x3 postfilering method]]
[2024.02.03-11.02.46:933][  0]LogConfig: Setting CVar [[r.DOF.Gather.EnableBokehSettings:0       ; no bokeh simulation when gathering]]
[2024.02.03-11.02.46:933][  0]LogConfig: Setting CVar [[r.DOF.Gather.RingCount:4                 ; medium number of samples when gathering]]
[2024.02.03-11.02.46:933][  0]LogConfig: Setting CVar [[r.DOF.Scatter.ForegroundCompositing:1    ; additive foreground scattering]]
[2024.02.03-11.02.46:933][  0]LogConfig: Setting CVar [[r.DOF.Scatter.BackgroundCompositing:2    ; additive background scattering]]
[2024.02.03-11.02.46:933][  0]LogConfig: Setting CVar [[r.DOF.Scatter.EnableBokehSettings:1      ; bokeh simulation when scattering]]
[2024.02.03-11.02.46:933][  0]LogConfig: Setting CVar [[r.DOF.Scatter.MaxSpriteRatio:0.1         ; only a maximum of 10% of scattered bokeh]]
[2024.02.03-11.02.46:933][  0]LogConfig: Setting CVar [[r.DOF.Recombine.Quality:1                ; cheap slight out of focus]]
[2024.02.03-11.02.46:933][  0]LogConfig: Setting CVar [[r.DOF.Recombine.EnableBokehSettings:0    ; no bokeh simulation on slight out of focus]]
[2024.02.03-11.02.46:933][  0]LogConfig: Setting CVar [[r.DOF.TemporalAAQuality:1                ; more stable temporal accumulation]]
[2024.02.03-11.02.46:933][  0]LogConfig: Setting CVar [[r.DOF.Kernel.MaxForegroundRadius:0.025]]
[2024.02.03-11.02.46:933][  0]LogConfig: Setting CVar [[r.DOF.Kernel.MaxBackgroundRadius:0.025]]
[2024.02.03-11.02.46:933][  0]LogConfig: Applying CVar settings from Section [TextureQuality@3] File [D:/GitHub/UE_Learning/BasicTraining/Saved/Config/Windows/Scalability.ini]
[2024.02.03-11.02.46:933][  0]LogConfig: Setting CVar [[r.Streaming.MipBias:0]]
[2024.02.03-11.02.46:933][  0]LogConfig: Setting CVar [[r.Streaming.AmortizeCPUToGPUCopy:0]]
[2024.02.03-11.02.46:933][  0]LogConfig: Setting CVar [[r.Streaming.MaxNumTexturesToStreamPerFrame:0]]
[2024.02.03-11.02.46:933][  0]LogConfig: Setting CVar [[r.Streaming.Boost:1]]
[2024.02.03-11.02.46:933][  0]LogConfig: Setting CVar [[r.MaxAnisotropy:8]]
[2024.02.03-11.02.46:933][  0]LogConfig: Setting CVar [[r.VT.MaxAnisotropy:8]]
[2024.02.03-11.02.46:933][  0]LogConfig: Setting CVar [[r.Streaming.LimitPoolSizeToVRAM:0]]
[2024.02.03-11.02.46:933][  0]LogConfig: Setting CVar [[r.Streaming.PoolSize:1000]]
[2024.02.03-11.02.46:933][  0]LogConfig: Setting CVar [[r.Streaming.MaxEffectiveScreenSize:0]]
[2024.02.03-11.02.46:933][  0]LogConfig: Applying CVar settings from Section [EffectsQuality@3] File [D:/GitHub/UE_Learning/BasicTraining/Saved/Config/Windows/Scalability.ini]
[2024.02.03-11.02.46:933][  0]LogConfig: Setting CVar [[r.TranslucencyLightingVolumeDim:64]]
[2024.02.03-11.02.46:933][  0]LogConfig: Setting CVar [[r.RefractionQuality:2]]
[2024.02.03-11.02.46:933][  0]LogConfig: Setting CVar [[r.SSR.Quality:3]]
[2024.02.03-11.02.46:933][  0]LogConfig: Setting CVar [[r.SSR.HalfResSceneColor:0]]
[2024.02.03-11.02.46:933][  0]LogConfig: Setting CVar [[r.SceneColorFormat:4]]
[2024.02.03-11.02.46:934][  0]LogConfig: Setting CVar [[r.DetailMode:2]]
[2024.02.03-11.02.46:934][  0]LogConfig: Setting CVar [[r.TranslucencyVolumeBlur:1]]
[2024.02.03-11.02.46:934][  0]LogConfig: Setting CVar [[r.MaterialQualityLevel:1 ; High quality]]
[2024.02.03-11.02.46:934][  0]LogConfig: Setting CVar [[r.AnisotropicMaterials:1]]
[2024.02.03-11.02.46:934][  0]LogConfig: Setting CVar [[r.SSS.Scale:1]]
[2024.02.03-11.02.46:934][  0]LogConfig: Setting CVar [[r.SSS.SampleSet:2]]
[2024.02.03-11.02.46:934][  0]LogConfig: Setting CVar [[r.SSS.Quality:1]]
[2024.02.03-11.02.46:934][  0]LogConfig: Setting CVar [[r.SSS.HalfRes:0]]
[2024.02.03-11.02.46:934][  0]LogConfig: Setting CVar [[r.SSGI.Quality:3]]
[2024.02.03-11.02.46:934][  0]LogConfig: Setting CVar [[r.EmitterSpawnRateScale:1.0]]
[2024.02.03-11.02.46:934][  0]LogConfig: Setting CVar [[r.ParticleLightQuality:2]]
[2024.02.03-11.02.46:934][  0]LogConfig: Setting CVar [[r.SkyAtmosphere.AerialPerspectiveLUT.FastApplyOnOpaque:1 ; Always have FastSkyLUT 1 in this case to avoid wrong sky]]
[2024.02.03-11.02.46:934][  0]LogConfig: Setting CVar [[r.SkyAtmosphere.AerialPerspectiveLUT.SampleCountMaxPerSlice:4]]
[2024.02.03-11.02.46:934][  0]LogConfig: Setting CVar [[r.SkyAtmosphere.AerialPerspectiveLUT.DepthResolution:16.0]]
[2024.02.03-11.02.46:934][  0]LogConfig: Setting CVar [[r.SkyAtmosphere.FastSkyLUT:1]]
[2024.02.03-11.02.46:934][  0]LogConfig: Setting CVar [[r.SkyAtmosphere.FastSkyLUT.SampleCountMin:4.0]]
[2024.02.03-11.02.46:934][  0]LogConfig: Setting CVar [[r.SkyAtmosphere.FastSkyLUT.SampleCountMax:128.0]]
[2024.02.03-11.02.46:934][  0]LogConfig: Setting CVar [[r.SkyAtmosphere.SampleCountMin:4.0]]
[2024.02.03-11.02.46:934][  0]LogConfig: Setting CVar [[r.SkyAtmosphere.SampleCountMax:128.0]]
[2024.02.03-11.02.46:934][  0]LogConfig: Setting CVar [[r.SkyAtmosphere.TransmittanceLUT.UseSmallFormat:0]]
[2024.02.03-11.02.46:934][  0]LogConfig: Setting CVar [[r.SkyAtmosphere.TransmittanceLUT.SampleCount:10.0]]
[2024.02.03-11.02.46:934][  0]LogConfig: Setting CVar [[r.SkyAtmosphere.MultiScatteringLUT.SampleCount:15.0]]
[2024.02.03-11.02.46:934][  0]LogConfig: Setting CVar [[r.SkyLight.RealTimeReflectionCapture:1]]
[2024.02.03-11.02.46:934][  0]LogConfig: Applying CVar settings from Section [FoliageQuality@3] File [D:/GitHub/UE_Learning/BasicTraining/Saved/Config/Windows/Scalability.ini]
[2024.02.03-11.02.46:934][  0]LogConfig: Setting CVar [[foliage.DensityScale:1.0]]
[2024.02.03-11.02.46:934][  0]LogConfig: Setting CVar [[grass.DensityScale:1.0]]
[2024.02.03-11.02.46:934][  0]LogConfig: Applying CVar settings from Section [ShadingQuality@3] File [D:/GitHub/UE_Learning/BasicTraining/Saved/Config/Windows/Scalability.ini]
[2024.02.03-11.02.46:934][  0]LogConfig: Setting CVar [[r.HairStrands.SkyLighting.IntegrationType:2]]
[2024.02.03-11.02.46:934][  0]LogConfig: Setting CVar [[r.HairStrands.SkyAO.SampleCount:4]]
[2024.02.03-11.02.46:934][  0]LogConfig: Setting CVar [[r.HairStrands.Visibility.MSAA.SamplePerPixel:4]]
[2024.02.03-11.02.46:934][  0]LogInit: Selected Device Profile: [Windows]
[2024.02.03-11.02.46:934][  0]LogInit: Applying CVar settings loaded from the selected device profile: [Windows]
[2024.02.03-11.02.46:934][  0]LogHAL: Display: Platform has ~ 64 GB [68483776512 / 68719476736 / 64], which maps to Largest [LargestMinGB=32, LargerMinGB=12, DefaultMinGB=8, SmallerMinGB=6, SmallestMinGB=0)
[2024.02.03-11.02.46:934][  0]LogInit: Going up to parent DeviceProfile []
[2024.02.03-11.02.46:934][  0]LogConfig: Applying CVar settings from Section [ViewDistanceQuality@3] File [D:/GitHub/UE_Learning/BasicTraining/Saved/Config/Windows/Scalability.ini]
[2024.02.03-11.02.46:934][  0]LogConfig: Setting CVar [[r.SkeletalMeshLODBias:0]]
[2024.02.03-11.02.46:934][  0]LogConfig: Setting CVar [[r.ViewDistanceScale:1.0]]
[2024.02.03-11.02.46:934][  0]LogConfig: Applying CVar settings from Section [AntiAliasingQuality@3] File [D:/GitHub/UE_Learning/BasicTraining/Saved/Config/Windows/Scalability.ini]
[2024.02.03-11.02.46:934][  0]LogConfig: Setting CVar [[r.PostProcessAAQuality:4]]
[2024.02.03-11.02.46:934][  0]LogConfig: Applying CVar settings from Section [ShadowQuality@3] File [D:/GitHub/UE_Learning/BasicTraining/Saved/Config/Windows/Scalability.ini]
[2024.02.03-11.02.46:934][  0]LogConfig: Setting CVar [[r.LightFunctionQuality:1]]
[2024.02.03-11.02.46:934][  0]LogConfig: Setting CVar [[r.ShadowQuality:5]]
[2024.02.03-11.02.46:934][  0]LogConfig: Setting CVar [[r.Shadow.CSM.MaxCascades:10]]
[2024.02.03-11.02.46:934][  0]LogConfig: Setting CVar [[r.Shadow.MaxResolution:2048]]
[2024.02.03-11.02.46:934][  0]LogConfig: Setting CVar [[r.Shadow.MaxCSMResolution:2048]]
[2024.02.03-11.02.46:934][  0]LogConfig: Setting CVar [[r.Shadow.RadiusThreshold:0.01]]
[2024.02.03-11.02.46:934][  0]LogConfig: Setting CVar [[r.Shadow.DistanceScale:1.0]]
[2024.02.03-11.02.46:934][  0]LogConfig: Setting CVar [[r.Shadow.CSM.TransitionScale:1.0]]
[2024.02.03-11.02.46:934][  0]LogConfig: Setting CVar [[r.Shadow.PreShadowResolutionFactor:1.0]]
[2024.02.03-11.02.46:934][  0]LogConfig: Setting CVar [[r.DistanceFieldShadowing:1]]
[2024.02.03-11.02.46:934][  0]LogConfig: Setting CVar [[r.DistanceFieldAO:1]]
[2024.02.03-11.02.46:934][  0]LogConfig: Setting CVar [[r.AOQuality:2]]
[2024.02.03-11.02.46:934][  0]LogConfig: Setting CVar [[r.VolumetricFog:1]]
[2024.02.03-11.02.46:934][  0]LogConfig: Setting CVar [[r.VolumetricFog.GridPixelSize:8]]
[2024.02.03-11.02.46:934][  0]LogConfig: Setting CVar [[r.VolumetricFog.GridSizeZ:128]]
[2024.02.03-11.02.46:934][  0]LogConfig: Setting CVar [[r.VolumetricFog.HistoryMissSupersampleCount:4]]
[2024.02.03-11.02.46:934][  0]LogConfig: Setting CVar [[r.LightMaxDrawDistanceScale:1]]
[2024.02.03-11.02.46:934][  0]LogConfig: Setting CVar [[r.CapsuleShadows:1]]
[2024.02.03-11.02.46:934][  0]LogConfig: Applying CVar settings from Section [PostProcessQuality@3] File [D:/GitHub/UE_Learning/BasicTraining/Saved/Config/Windows/Scalability.ini]
[2024.02.03-11.02.46:934][  0]LogConfig: Setting CVar [[r.MotionBlurQuality:4]]
[2024.02.03-11.02.46:934][  0]LogConfig: Setting CVar [[r.AmbientOcclusionMipLevelFactor:0.4]]
[2024.02.03-11.02.46:934][  0]LogConfig: Setting CVar [[r.AmbientOcclusionMaxQuality:100]]
[2024.02.03-11.02.46:934][  0]LogConfig: Setting CVar [[r.AmbientOcclusionLevels:-1]]
[2024.02.03-11.02.46:934][  0]LogConfig: Setting CVar [[r.AmbientOcclusionRadiusScale:1.0]]
[2024.02.03-11.02.46:934][  0]LogConfig: Setting CVar [[r.DepthOfFieldQuality:2]]
[2024.02.03-11.02.46:934][  0]LogConfig: Setting CVar [[r.RenderTargetPoolMin:400]]
[2024.02.03-11.02.46:934][  0]LogConfig: Setting CVar [[r.LensFlareQuality:2]]
[2024.02.03-11.02.46:934][  0]LogConfig: Setting CVar [[r.SceneColorFringeQuality:1]]
[2024.02.03-11.02.46:934][  0]LogConfig: Setting CVar [[r.EyeAdaptationQuality:2]]
[2024.02.03-11.02.46:934][  0]LogConfig: Setting CVar [[r.BloomQuality:5]]
[2024.02.03-11.02.46:934][  0]LogConfig: Setting CVar [[r.FastBlurThreshold:100]]
[2024.02.03-11.02.46:934][  0]LogConfig: Setting CVar [[r.Upscale.Quality:3]]
[2024.02.03-11.02.46:934][  0]LogConfig: Setting CVar [[r.Tonemapper.GrainQuantization:1]]
[2024.02.03-11.02.46:934][  0]LogConfig: Setting CVar [[r.LightShaftQuality:1]]
[2024.02.03-11.02.46:934][  0]LogConfig: Setting CVar [[r.Filter.SizeScale:1]]
[2024.02.03-11.02.46:934][  0]LogConfig: Setting CVar [[r.Tonemapper.Quality:5]]
[2024.02.03-11.02.46:934][  0]LogConfig: Setting CVar [[r.DOF.Gather.AccumulatorQuality:1        ; higher gathering accumulator quality]]
[2024.02.03-11.02.46:934][  0]LogConfig: Setting CVar [[r.DOF.Gather.PostfilterMethod:1          ; Median3x3 postfilering method]]
[2024.02.03-11.02.46:934][  0]LogConfig: Setting CVar [[r.DOF.Gather.EnableBokehSettings:0       ; no bokeh simulation when gathering]]
[2024.02.03-11.02.46:934][  0]LogConfig: Setting CVar [[r.DOF.Gather.RingCount:4                 ; medium number of samples when gathering]]
[2024.02.03-11.02.46:934][  0]LogConfig: Setting CVar [[r.DOF.Scatter.ForegroundCompositing:1    ; additive foreground scattering]]
[2024.02.03-11.02.46:934][  0]LogConfig: Setting CVar [[r.DOF.Scatter.BackgroundCompositing:2    ; additive background scattering]]
[2024.02.03-11.02.46:934][  0]LogConfig: Setting CVar [[r.DOF.Scatter.EnableBokehSettings:1      ; bokeh simulation when scattering]]
[2024.02.03-11.02.46:934][  0]LogConfig: Setting CVar [[r.DOF.Scatter.MaxSpriteRatio:0.1         ; only a maximum of 10% of scattered bokeh]]
[2024.02.03-11.02.46:934][  0]LogConfig: Setting CVar [[r.DOF.Recombine.Quality:1                ; cheap slight out of focus]]
[2024.02.03-11.02.46:934][  0]LogConfig: Setting CVar [[r.DOF.Recombine.EnableBokehSettings:0    ; no bokeh simulation on slight out of focus]]
[2024.02.03-11.02.46:934][  0]LogConfig: Setting CVar [[r.DOF.TemporalAAQuality:1                ; more stable temporal accumulation]]
[2024.02.03-11.02.46:934][  0]LogConfig: Setting CVar [[r.DOF.Kernel.MaxForegroundRadius:0.025]]
[2024.02.03-11.02.46:934][  0]LogConfig: Setting CVar [[r.DOF.Kernel.MaxBackgroundRadius:0.025]]
[2024.02.03-11.02.46:934][  0]LogConfig: Applying CVar settings from Section [TextureQuality@3] File [D:/GitHub/UE_Learning/BasicTraining/Saved/Config/Windows/Scalability.ini]
[2024.02.03-11.02.46:934][  0]LogConfig: Setting CVar [[r.Streaming.MipBias:0]]
[2024.02.03-11.02.46:934][  0]LogConfig: Setting CVar [[r.Streaming.AmortizeCPUToGPUCopy:0]]
[2024.02.03-11.02.46:934][  0]LogConfig: Setting CVar [[r.Streaming.MaxNumTexturesToStreamPerFrame:0]]
[2024.02.03-11.02.46:934][  0]LogConfig: Setting CVar [[r.Streaming.Boost:1]]
[2024.02.03-11.02.46:934][  0]LogConfig: Setting CVar [[r.MaxAnisotropy:8]]
[2024.02.03-11.02.46:934][  0]LogConfig: Setting CVar [[r.VT.MaxAnisotropy:8]]
[2024.02.03-11.02.46:934][  0]LogConfig: Setting CVar [[r.Streaming.LimitPoolSizeToVRAM:0]]
[2024.02.03-11.02.46:934][  0]LogConfig: Setting CVar [[r.Streaming.PoolSize:1000]]
[2024.02.03-11.02.46:934][  0]LogConfig: Setting CVar [[r.Streaming.MaxEffectiveScreenSize:0]]
[2024.02.03-11.02.46:934][  0]LogConfig: Applying CVar settings from Section [EffectsQuality@3] File [D:/GitHub/UE_Learning/BasicTraining/Saved/Config/Windows/Scalability.ini]
[2024.02.03-11.02.46:934][  0]LogConfig: Setting CVar [[r.TranslucencyLightingVolumeDim:64]]
[2024.02.03-11.02.46:934][  0]LogConfig: Setting CVar [[r.RefractionQuality:2]]
[2024.02.03-11.02.46:934][  0]LogConfig: Setting CVar [[r.SSR.Quality:3]]
[2024.02.03-11.02.46:934][  0]LogConfig: Setting CVar [[r.SSR.HalfResSceneColor:0]]
[2024.02.03-11.02.46:934][  0]LogConfig: Setting CVar [[r.SceneColorFormat:4]]
[2024.02.03-11.02.46:934][  0]LogConfig: Setting CVar [[r.DetailMode:2]]
[2024.02.03-11.02.46:934][  0]LogConfig: Setting CVar [[r.TranslucencyVolumeBlur:1]]
[2024.02.03-11.02.46:934][  0]LogConfig: Setting CVar [[r.MaterialQualityLevel:1 ; High quality]]
[2024.02.03-11.02.46:934][  0]LogConfig: Setting CVar [[r.AnisotropicMaterials:1]]
[2024.02.03-11.02.46:934][  0]LogConfig: Setting CVar [[r.SSS.Scale:1]]
[2024.02.03-11.02.46:934][  0]LogConfig: Setting CVar [[r.SSS.SampleSet:2]]
[2024.02.03-11.02.46:934][  0]LogConfig: Setting CVar [[r.SSS.Quality:1]]
[2024.02.03-11.02.46:934][  0]LogConfig: Setting CVar [[r.SSS.HalfRes:0]]
[2024.02.03-11.02.46:935][  0]LogConfig: Setting CVar [[r.SSGI.Quality:3]]
[2024.02.03-11.02.46:935][  0]LogConfig: Setting CVar [[r.EmitterSpawnRateScale:1.0]]
[2024.02.03-11.02.46:935][  0]LogConfig: Setting CVar [[r.ParticleLightQuality:2]]
[2024.02.03-11.02.46:935][  0]LogConfig: Setting CVar [[r.SkyAtmosphere.AerialPerspectiveLUT.FastApplyOnOpaque:1 ; Always have FastSkyLUT 1 in this case to avoid wrong sky]]
[2024.02.03-11.02.46:935][  0]LogConfig: Setting CVar [[r.SkyAtmosphere.AerialPerspectiveLUT.SampleCountMaxPerSlice:4]]
[2024.02.03-11.02.46:935][  0]LogConfig: Setting CVar [[r.SkyAtmosphere.AerialPerspectiveLUT.DepthResolution:16.0]]
[2024.02.03-11.02.46:935][  0]LogConfig: Setting CVar [[r.SkyAtmosphere.FastSkyLUT:1]]
[2024.02.03-11.02.46:935][  0]LogConfig: Setting CVar [[r.SkyAtmosphere.FastSkyLUT.SampleCountMin:4.0]]
[2024.02.03-11.02.46:935][  0]LogConfig: Setting CVar [[r.SkyAtmosphere.FastSkyLUT.SampleCountMax:128.0]]
[2024.02.03-11.02.46:935][  0]LogConfig: Setting CVar [[r.SkyAtmosphere.SampleCountMin:4.0]]
[2024.02.03-11.02.46:935][  0]LogConfig: Setting CVar [[r.SkyAtmosphere.SampleCountMax:128.0]]
[2024.02.03-11.02.46:935][  0]LogConfig: Setting CVar [[r.SkyAtmosphere.TransmittanceLUT.UseSmallFormat:0]]
[2024.02.03-11.02.46:935][  0]LogConfig: Setting CVar [[r.SkyAtmosphere.TransmittanceLUT.SampleCount:10.0]]
[2024.02.03-11.02.46:935][  0]LogConfig: Setting CVar [[r.SkyAtmosphere.MultiScatteringLUT.SampleCount:15.0]]
[2024.02.03-11.02.46:935][  0]LogConfig: Setting CVar [[r.SkyLight.RealTimeReflectionCapture:1]]
[2024.02.03-11.02.46:935][  0]LogConfig: Applying CVar settings from Section [FoliageQuality@3] File [D:/GitHub/UE_Learning/BasicTraining/Saved/Config/Windows/Scalability.ini]
[2024.02.03-11.02.46:935][  0]LogConfig: Setting CVar [[foliage.DensityScale:1.0]]
[2024.02.03-11.02.46:935][  0]LogConfig: Setting CVar [[grass.DensityScale:1.0]]
[2024.02.03-11.02.46:935][  0]LogConfig: Applying CVar settings from Section [ShadingQuality@3] File [D:/GitHub/UE_Learning/BasicTraining/Saved/Config/Windows/Scalability.ini]
[2024.02.03-11.02.46:935][  0]LogConfig: Setting CVar [[r.HairStrands.SkyLighting.IntegrationType:2]]
[2024.02.03-11.02.46:935][  0]LogConfig: Setting CVar [[r.HairStrands.SkyAO.SampleCount:4]]
[2024.02.03-11.02.46:935][  0]LogConfig: Setting CVar [[r.HairStrands.Visibility.MSAA.SamplePerPixel:4]]
[2024.02.03-11.02.46:935][  0]LogConfig: Applying CVar settings from Section [Startup] File [../../../Engine/Config/ConsoleVariables.ini]
[2024.02.03-11.02.46:935][  0]LogConfig: Setting CVar [[net.UseAdaptiveNetUpdateFrequency:0]]
[2024.02.03-11.02.46:935][  0]LogConfig: Setting CVar [[p.chaos.AllowCreatePhysxBodies:1]]
[2024.02.03-11.02.46:935][  0]LogConfig: Setting CVar [[fx.SkipVectorVMBackendOptimizations:1]]
[2024.02.03-11.02.46:935][  0]LogConfig: Applying CVar settings from Section [ConsoleVariables] File [D:/GitHub/UE_Learning/BasicTraining/Saved/Config/Windows/Engine.ini]
[2024.02.03-11.02.46:935][  0]LogConfig: Applying CVar settings from Section [ConsoleVariables] File [D:/GitHub/UE_Learning/BasicTraining/Saved/Config/Windows/Editor.ini]
[2024.02.03-11.02.46:935][  0]LogInit: Computer: KIPSWANG-PC0
[2024.02.03-11.02.46:935][  0]LogInit: User: kipswang
[2024.02.03-11.02.46:935][  0]LogInit: CPU Page size=4096, Cores=10
[2024.02.03-11.02.46:935][  0]LogInit: High frequency timer resolution =10.000000 MHz
[2024.02.03-11.02.46:935][  0]LogMemory: Memory total: Physical=63.8GB (64GB approx)
[2024.02.03-11.02.46:935][  0]LogMemory: Platform Memory Stats for Windows
[2024.02.03-11.02.46:935][  0]LogMemory: Process Physical Memory: 150.42 MB used, 150.42 MB peak
[2024.02.03-11.02.46:935][  0]LogMemory: Process Virtual Memory: 130.68 MB used, 130.68 MB peak
[2024.02.03-11.02.46:935][  0]LogMemory: Physical Memory: 26676.37 MB used,  38634.85 MB free, 65311.22 MB total
[2024.02.03-11.02.46:935][  0]LogMemory: Virtual Memory: 134180144.00 MB used,  37584.63 MB free, 134217728.00 MB total
[2024.02.03-11.02.46:949][  0]LogWindows: WindowsPlatformFeatures enabled
[2024.02.03-11.02.47:150][  0]LogInit: Physics initialised using underlying interface: PhysX
[2024.02.03-11.02.47:155][  0]LogInit: Overriding language with editor language configuration option (en).
[2024.02.03-11.02.47:155][  0]LogInit: Overriding language with editor locale configuration option (en).
[2024.02.03-11.02.47:312][  0]LogInit: Setting process to per monitor DPI aware
[2024.02.03-11.02.47:571][  0]LogWindowsTextInputMethodSystem: Display: IME system deactivated.
[2024.02.03-11.02.47:600][  0]LogSlate: New Slate User Created.  User Index 0, Is Virtual User: 0
[2024.02.03-11.02.47:600][  0]LogSlate: Slate User Registered.  User Index 0, Is Virtual User: 0
[2024.02.03-11.02.47:779][  0]LogD3D11RHI: Loaded GFSDK_Aftermath_Lib.x64.dll
[2024.02.03-11.02.47:788][  0]LogHMD: Failed to initialize OpenVR with code 110
[2024.02.03-11.02.47:789][  0]LogD3D11RHI: D3D11 min allowed feature level: 11_0
[2024.02.03-11.02.47:789][  0]LogD3D11RHI: D3D11 max allowed feature level: 11_0
[2024.02.03-11.02.47:789][  0]LogD3D11RHI: D3D11 adapters:
[2024.02.03-11.02.48:588][  0]LogD3D11RHI:    0. 'NVIDIA GeForce RTX 3080' (Feature Level 11_0)
[2024.02.03-11.02.48:588][  0]LogD3D11RHI:       10067/0/32655 MB DedicatedVideo/DedicatedSystem/SharedSystem, Outputs:2, VendorId:0x10de
[2024.02.03-11.02.49:115][  0]LogD3D11RHI:    1. 'Intel(R) UHD Graphics 630' (Feature Level 11_0)
[2024.02.03-11.02.49:116][  0]LogD3D11RHI:       128/0/32655 MB DedicatedVideo/DedicatedSystem/SharedSystem, Outputs:0, VendorId:0x8086
[2024.02.03-11.02.49:155][  0]LogD3D11RHI:    2. 'Microsoft Basic Render Driver' (Feature Level 11_0)
[2024.02.03-11.02.49:155][  0]LogD3D11RHI:       0/0/32655 MB DedicatedVideo/DedicatedSystem/SharedSystem, Outputs:0, VendorId:0x1414
[2024.02.03-11.02.49:155][  0]LogD3D11RHI: Chosen D3D11 Adapter:
[2024.02.03-11.02.49:155][  0]LogD3D11RHI:     Description : NVIDIA GeForce RTX 3080
[2024.02.03-11.02.49:155][  0]LogD3D11RHI:     VendorId    : 10de
[2024.02.03-11.02.49:155][  0]LogD3D11RHI:     DeviceId    : 2206
[2024.02.03-11.02.49:155][  0]LogD3D11RHI:     SubSysId    : 88d7103c
[2024.02.03-11.02.49:155][  0]LogD3D11RHI:     Revision    : 00a1
[2024.02.03-11.02.49:155][  0]LogD3D11RHI:     DedicatedVideoMemory : 10556014592 bytes
[2024.02.03-11.02.49:155][  0]LogD3D11RHI:     DedicatedSystemMemory : 0 bytes
[2024.02.03-11.02.49:155][  0]LogD3D11RHI:     SharedSystemMemory : 34241888256 bytes
[2024.02.03-11.02.49:155][  0]LogD3D11RHI:     AdapterLuid : 0 81286
[2024.02.03-11.02.49:164][  0]LogD3D11RHI: Creating new Direct3DDevice
[2024.02.03-11.02.49:164][  0]LogD3D11RHI:     GPU DeviceId: 0x2206 (for the marketing name, search the web for "GPU Device Id")
[2024.02.03-11.02.49:164][  0]LogWindows: EnumDisplayDevices:
[2024.02.03-11.02.49:164][  0]LogWindows:    0. 'NVIDIA GeForce RTX 3080' (P:0 D:1)
[2024.02.03-11.02.49:164][  0]LogWindows:    1. 'NVIDIA GeForce RTX 3080' (P:1 D:1)
[2024.02.03-11.02.49:165][  0]LogWindows:    2. 'NVIDIA GeForce RTX 3080' (P:0 D:0)
[2024.02.03-11.02.49:165][  0]LogWindows:    3. 'NVIDIA GeForce RTX 3080' (P:0 D:0)
[2024.02.03-11.02.49:165][  0]LogWindows:    4. 'Intel(R) UHD Graphics 630' (P:0 D:0)
[2024.02.03-11.02.49:166][  0]LogWindows:    5. 'Intel(R) UHD Graphics 630' (P:0 D:0)
[2024.02.03-11.02.49:166][  0]LogWindows:    6. 'Intel(R) UHD Graphics 630' (P:0 D:0)
[2024.02.03-11.02.49:166][  0]LogWindows: DebugString: PrimaryIsNotTheChoosenAdapter PrimaryIsNotTheChoosenAdapter PrimaryIsNotTheChoosenAdapter FoundDriverCount:4 
[2024.02.03-11.02.49:166][  0]LogD3D11RHI:     Adapter Name: NVIDIA GeForce RTX 3080
[2024.02.03-11.02.49:166][  0]LogD3D11RHI:   Driver Version: 536.40 (internal:31.0.15.3640, unified:536.40)
[2024.02.03-11.02.49:166][  0]LogD3D11RHI:      Driver Date: 6-23-2023
[2024.02.03-11.02.49:166][  0]LogRHI: Texture pool is 7046 MB (70% of 10067 MB)
[2024.02.03-11.02.49:166][  0]LogD3D11RHI: Creating D3DDevice using adapter:
[2024.02.03-11.02.49:166][  0]LogD3D11RHI:     Description : NVIDIA GeForce RTX 3080
[2024.02.03-11.02.49:166][  0]LogD3D11RHI:     VendorId    : 10de
[2024.02.03-11.02.49:166][  0]LogD3D11RHI:     DeviceId    : 2206
[2024.02.03-11.02.49:166][  0]LogD3D11RHI:     SubSysId    : 88d7103c
[2024.02.03-11.02.49:166][  0]LogD3D11RHI:     Revision    : 00a1
[2024.02.03-11.02.49:166][  0]LogD3D11RHI:     DedicatedVideoMemory : 10556014592 bytes
[2024.02.03-11.02.49:166][  0]LogD3D11RHI:     DedicatedSystemMemory : 0 bytes
[2024.02.03-11.02.49:166][  0]LogD3D11RHI:     SharedSystemMemory : 34241888256 bytes
[2024.02.03-11.02.49:166][  0]LogD3D11RHI:     AdapterLuid : 0 81286
[2024.02.03-11.02.49:227][  0]LogD3D11RHI: RHI has support for 64 bit atomics
[2024.02.03-11.02.49:227][  0]LogD3D11RHI: Async texture creation enabled
[2024.02.03-11.02.49:227][  0]LogD3D11RHI: Array index from any shader is supported
[2024.02.03-11.02.49:242][  0]LogD3D11RHI: GPU Timing Frequency: 1000.000000 (Debug: 2 1)
[2024.02.03-11.02.49:321][  0]LogRHI: GeForceNow SDK initialized: 1
[2024.02.03-11.02.50:161][  0]LogTargetPlatformManager: Display: Loaded TargetPlatform 'AllDesktop'
[2024.02.03-11.02.50:181][  0]LogTargetPlatformManager: Display: Loaded TargetPlatform 'Android'
[2024.02.03-11.02.50:181][  0]LogTargetPlatformManager: Display: Loaded TargetPlatform 'Android_ASTC'
[2024.02.03-11.02.50:181][  0]LogTargetPlatformManager: Display: Loaded TargetPlatform 'Android_DXT'
[2024.02.03-11.02.50:181][  0]LogTargetPlatformManager: Display: Loaded TargetPlatform 'Android_ETC2'
[2024.02.03-11.02.50:181][  0]LogTargetPlatformManager: Display: Loaded TargetPlatform 'AndroidClient'
[2024.02.03-11.02.50:181][  0]LogTargetPlatformManager: Display: Loaded TargetPlatform 'Android_ASTCClient'
[2024.02.03-11.02.50:181][  0]LogTargetPlatformManager: Display: Loaded TargetPlatform 'Android_DXTClient'
[2024.02.03-11.02.50:181][  0]LogTargetPlatformManager: Display: Loaded TargetPlatform 'Android_ETC2Client'
[2024.02.03-11.02.50:181][  0]LogTargetPlatformManager: Display: Loaded TargetPlatform 'Android_Multi'
[2024.02.03-11.02.50:181][  0]LogTargetPlatformManager: Display: Loaded TargetPlatform 'Android_MultiClient'
[2024.02.03-11.02.50:208][  0]LogTargetPlatformManager: Display: Loaded TargetPlatform 'IOSClient'
[2024.02.03-11.02.50:208][  0]LogTargetPlatformManager: Display: Loaded TargetPlatform 'IOS'
[2024.02.03-11.02.50:220][  0]LogTargetPlatformManager: Display: Loaded TargetPlatform 'Linux'
[2024.02.03-11.02.50:227][  0]LogTargetPlatformManager: Display: Loaded TargetPlatform 'LinuxNoEditor'
[2024.02.03-11.02.50:233][  0]LogTargetPlatformManager: Display: Loaded TargetPlatform 'LinuxClient'
[2024.02.03-11.02.50:240][  0]LogTargetPlatformManager: Display: Loaded TargetPlatform 'LinuxServer'
[2024.02.03-11.02.50:251][  0]LogTargetPlatformManager: Display: Loaded TargetPlatform 'LinuxAArch64NoEditor'
[2024.02.03-11.02.50:258][  0]LogTargetPlatformManager: Display: Loaded TargetPlatform 'LinuxAArch64Client'
[2024.02.03-11.02.50:265][  0]LogTargetPlatformManager: Display: Loaded TargetPlatform 'LinuxAArch64Server'
[2024.02.03-11.02.50:289][  0]LogTargetPlatformManager: Display: Loaded TargetPlatform 'Lumin'
[2024.02.03-11.02.50:289][  0]LogTargetPlatformManager: Display: Loaded TargetPlatform 'LuminClient'
[2024.02.03-11.02.50:299][  0]LogTargetPlatformManager: Display: Loaded TargetPlatform 'MacNoEditor'
[2024.02.03-11.02.50:306][  0]LogTargetPlatformManager: Display: Loaded TargetPlatform 'Mac'
[2024.02.03-11.02.50:312][  0]LogTargetPlatformManager: Display: Loaded TargetPlatform 'MacClient'
[2024.02.03-11.02.50:318][  0]LogTargetPlatformManager: Display: Loaded TargetPlatform 'MacServer'
[2024.02.03-11.02.50:329][  0]LogTargetPlatformManager: Display: Loaded TargetPlatform 'TVOSClient'
[2024.02.03-11.02.50:329][  0]LogTargetPlatformManager: Display: Loaded TargetPlatform 'TVOS'
[2024.02.03-11.02.50:340][  0]LogTargetPlatformManager: Display: Loaded TargetPlatform 'WindowsNoEditor'
[2024.02.03-11.02.50:347][  0]LogTargetPlatformManager: Display: Loaded TargetPlatform 'Windows'
[2024.02.03-11.02.50:354][  0]LogTargetPlatformManager: Display: Loaded TargetPlatform 'WindowsClient'
[2024.02.03-11.02.50:360][  0]LogTargetPlatformManager: Display: Loaded TargetPlatform 'WindowsServer'
[2024.02.03-11.02.50:360][  0]LogTargetPlatformManager: Display: Building Assets For Windows
[2024.02.03-11.02.50:384][  0]LogAudioDebug: Display: Lib vorbis DLL was dynamically loaded.
[2024.02.03-11.02.50:486][  0]LogTextureFormatOodle: Display: Oodle Texture 2.9.0 init RDO Off
[2024.02.03-11.02.50:741][  0]LogRendererCore: Ray tracing is disabled. Reason: r.RayTracing=0.
[2024.02.03-11.02.50:741][  0]LogShaderCompilers: Guid format shader working directory is 13 characters bigger than the processId version (D:/GitHub/UE_Learning/BasicTraining/Intermediate/Shaders/WorkingDirectory/18408/).
[2024.02.03-11.02.50:741][  0]LogShaderCompilers: Cleaned the shader compiler working directory 'C:/Users/kipswang/AppData/Local/Temp/UnrealShaderWorkingDir/29C0EA73426F0BF2DD3C3BAA1ED111EE/'.
[2024.02.03-11.02.50:741][  0]LogXGEController: Cannot use XGE Controller as Incredibuild is not installed on this machine.
[2024.02.03-11.02.50:741][  0]LogShaderCompilers: Cannot use XGE Shader Compiler as Incredibuild is not installed on this machine.
[2024.02.03-11.02.50:741][  0]LogShaderCompilers: Display: Using Local Shader Compiler.
[2024.02.03-11.02.51:364][  0]LogDerivedDataCache: Display: Max Cache Size: 512 MB
[2024.02.03-11.02.51:411][  0]LogDerivedDataCache: Loaded boot cache 0.05s 94MB C:/Users/kipswang/AppData/Local/UnrealEngine/4.27/DerivedDataCache/Boot.ddc.
[2024.02.03-11.02.51:411][  0]LogDerivedDataCache: Display: Loaded Boot cache: C:/Users/kipswang/AppData/Local/UnrealEngine/4.27/DerivedDataCache/Boot.ddc
[2024.02.03-11.02.51:411][  0]LogDerivedDataCache: FDerivedDataBackendGraph:  Pak pak cache file D:/GitHub/UE_Learning/BasicTraining/DerivedDataCache/DDC.ddp not found, will not use a pak cache.
[2024.02.03-11.02.51:411][  0]LogDerivedDataCache: Unable to find inner node Pak for hierarchical cache Hierarchy.
[2024.02.03-11.02.51:411][  0]LogDerivedDataCache: FDerivedDataBackendGraph:  CompressedPak pak cache file D:/GitHub/UE_Learning/BasicTraining/DerivedDataCache/Compressed.ddp not found, will not use a pak cache.
[2024.02.03-11.02.51:411][  0]LogDerivedDataCache: Unable to find inner node CompressedPak for hierarchical cache Hierarchy.
[2024.02.03-11.02.51:423][  0]LogDerivedDataCache: Display: Pak cache opened for reading ../../../Engine/DerivedDataCache/Compressed.ddp.
[2024.02.03-11.02.51:423][  0]LogDerivedDataCache: FDerivedDataBackendGraph:  EnterprisePak pak cache file ../../../Enterprise/DerivedDataCache/Compressed.ddp not found, will not use a pak cache.
[2024.02.03-11.02.51:424][  0]LogDerivedDataCache: Unable to find inner node EnterprisePak for hierarchical cache Hierarchy.
[2024.02.03-11.02.51:433][  0]LogDerivedDataCache: Speed tests for C:/Users/kipswang/AppData/Local/UnrealEngine/Common/DerivedDataCache took 0.01 seconds
[2024.02.03-11.02.51:433][  0]LogDerivedDataCache: Display: Performance to C:/Users/kipswang/AppData/Local/UnrealEngine/Common/DerivedDataCache: Latency=0.10ms. RandomReadSpeed=631.54MBs, RandomWriteSpeed=131.98MBs. Assigned SpeedClass 'Local'
[2024.02.03-11.02.51:433][  0]LogDerivedDataCache: Using Local data cache path C:/Users/kipswang/AppData/Local/UnrealEngine/Common/DerivedDataCache: Writable
[2024.02.03-11.02.51:434][  0]LogDerivedDataCache: Shared data cache path not found in *engine.ini, will not use an Shared cache.
[2024.02.03-11.02.51:434][  0]LogDerivedDataCache: Unable to find inner node Shared for hierarchical cache Hierarchy.
[2024.02.03-11.02.51:469][  0]LogSlate: Using FreeType 2.10.0
[2024.02.03-11.02.51:469][  0]LogSlate: SlateFontServices - WITH_FREETYPE: 1, WITH_HARFBUZZ: 1
[2024.02.03-11.02.51:493][  0]LogAssetRegistry: FAssetRegistry took 0.0024 seconds to start up
[2024.02.03-11.02.51:684][  0]LogInit: Selected Device Profile: [Windows]
[2024.02.03-11.02.51:684][  0]LogInit: Active device profile: [000001BA6A968F00][000001BA60B7B700 49] Windows
[2024.02.03-11.02.51:684][  0]LogInit: Profiles: [000001BA6A968F00][000001BA60B7B700 49] Windows, [000001BA6ABB2400][000001BA60B87880 49] WindowsNoEditor, [000001BA6A969F00][000001BA60B8BA00 49] WindowsServer, [000001BA6ABB1500][000001BA60B93B80 49] WindowsClient, [000001BA6A969200][000001BA69A34180 49] IOS, [000001BA6ABB3A00][000001BA69A86300 49] iPadAir, [000001BA6A96B300][000001BA60B7E440 49] iPadAir2, [000001BA6AAF9300][000001BA69AAE680 49] IPadPro, [000001BA6AAF9400][000001BA69A8A6C0 49] iPadAir3, [000001BA6ABB0B00][000001BA69AB6840 49] iPadAir4, [000001BA6AAFA100][000001BA69ABA9C0 49] iPadMini2, [000001BA6ABB3400][000001BA66534B40 49] iPadMini3, [000001BA6AAFAC00][000001BA6AF46CC0 49] iPadMini4, [000001BA6ABB2600][000001BA6AF4AE40 49] iPadMini5, [000001BA6AB30E00][000001BA6B277100 49] iPhone6, [000001BA6AB30F00][000001BA66539140 49] iPodTouch6, [000001BA6A96B700][000001BA66549400 49] iPhone7, [000001BA6A96A800][000001BA66545440 49] iPodTouch7, [000001BA6AAF9100][000001BA6654D5C0 49] iPhone5S, [000001BA6A969100][000001BA5FE7B740 49] iPhone6Plus, [000001BA6AAFAA00][000001BA5FE7F8C0 49] iPhone6S, [000001BA6A969A00][000001BA5FE83A40 49] iPhone6SPlus, [000001BA6AB30100][000001BA5FE87BC0 49] iPhone7Plus, [000001BA6AAF9D00][000001BA5FE8A1C0 49] iPhoneSE, [000001BA6AB30C00][000001BA5FE8E340 49] iPhone8, [000001BA6AAF8400][000001BA5FE924C0 49] iPhone8Plus, [000001BA6AB32A00][000001BA69AB2600 49] iPhoneX, [000001BA6AAFBC00][000001BA5FEA0740 49] iPhoneXS, [000001BA6AB32900][000001BA5FEA4880 49] iPhoneXSMax, [000001BA6AAF8B00][000001BA4D3FE9C0 49] iPhoneXR, [000001BA6A96B800][000001BA69D3EB40 49] iPhone11, [000001BA6AAFBD00][000001BA69D42CC0 49] iPhone11Pro, [000001BA6A969B00][000001BA69D46E40 49] iPhone11ProMax, [000001BA6AAF9500][000001BA69D4EFC0 49] iPhoneSE2, [000001BA6A969E00][000001BA664C7140 49] iPhone12Mini, [000001BA6AAFB100][000001BA664FB2C0 49] iPhone12, [000001BA6A96B400][000001BA664FF440 49] iPhone12Pro, [000001BA6AAF8D00][000001BA665035C0 49] iPhone12ProMax, [000001BA6A96BC00][000001BA69A8F740 49] iPadPro105, [000001BA6AAFB700][000001BA69A938C0 49] iPadPro129, [000001BA6A96AA00][000001BA664F7A40 49] iPadPro97, [000001BA6AAF8900][000001BA69D4BBC0 49] iPadPro2_129, [000001BA6A968800][000001BA69AA21C0 49] iPad5, [000001BA6AAF9000][000001BA69AA6340 49] iPad6, [000001BA6A968400][000001BA69AAA4C0 49] iPad7, [000001BA6AAFAB00][000001BA6651C640 49] iPad8, [000001BA6A96B500][000001BA4D402780 49] iPadPro11, [000001BA6AAF9800][000001BA665408C0 49] iPadPro2_11, [000001BA6A968900][000001BA6B27AA00 49] iPadPro3_129, [000001BA6AAFA800][000001BA6653CB40 49] iPadPro4_129, [000001BA6A96AE00][000001BA60B96CC0 49] AppleTV, [000001BA6AAFBE00][000001BA66520E40 49] AppleTV4K, [000001BA6A968500][000001BA66524FC0 49] TVOS, [000001BA6AAF9700][000001BA66529140 49] Mac, [000001BA6A96A300][000001BA6652D2C0 49] MacClient, [000001BA6AAF8800][000001BA66531440 49] MacNoEditor, [000001BA6A969000][000001BA69A0D5C0 49] MacServer, [000001BA6AAF8500][000001BA69A11740 49] Linux, [000001BA6A96AB00][000001BA69A158C0 49] LinuxAArch64, [000001BA6AAF9600][000001BA69A19A40 49] LinuxNoEditor, [000001BA6A96A100][000001BA69A1DBC0 49] LinuxAArch64NoEditor, [000001BA6AAFB900][000001BA69A201C0 49] LinuxClient, [000001BA6A96A600][000001BA69A24340 49] LinuxAArch64Client, [000001BA6AAFA300][000001BA69A284C0 49] LinuxServer, [000001BA6A968700][000001BA69A2C640 49] LinuxAArch64Server, [000001BA6AAF9A00][000001BA69A307C0 49] Android, [000001BA6A96A200][000001BA6AEEC940 49] Android_Low, [000001BA6AAF9C00][000001BA60B8EA80 49] Android_Mid, [000001BA6A969300][000001BA6AEF0BC0 49] Android_High, [000001BA6AAF8E00][000001BA6AEF4D00 49] Android_Default, [000001BA6A96B600][000001BA6AEFCE80 49] Android_Adreno4xx, [000001BA6AAF8F00][000001BA6AF01000 49] Android_Adreno5xx_Low, [000001BA6A96BB00][000001BA6AF05180 49] Android_Adreno5xx, [000001BA6AAFBA00][000001BA6AF09300 49] Android_Adreno6xx, [000001BA6A968B00][000001BA6AF0D480 49] Android_Adreno6xx_Vulkan, [000001BA6AAF9900][000001BA6AF11600 49] Android_Mali_T6xx, [000001BA6A968A00][000001BA6B1A9780 49] Android_Mali_T7xx, [000001BA6ABB1400][000001BA6B1AD900 49] Android_Mali_T8xx, [000001BA6AB30500][000001BA6B1B1A80 49] Android_Mali_G71, [000001BA6ABB0600][000001BA6B1B5C00 49] Android_Mali_G72, [000001BA6AB30300][000001BA6B1B8200 49] Android_Mali_G72_Vulkan, [000001BA6ABB3300][000001BA6B1BC380 49] Android_Mali_G76, [000001BA6AB31000][000001BA6B1C0500 49] Android_Mali_G76_Vulkan, [000001BA6ABB2000][000001BA6B1C4680 49] Android_Mali_G77, [000001BA6AB32F00][000001BA6B1C8800 49] Android_Mali_G77_Vulkan, [000001BA6ABB0E00][000001BA6B1CC980 49] Android_Mali_G78, [000001BA6AB33100][000001BA6B1D0B00 49] Android_Mali_G78_Vulkan, [000001BA6ABB0800][000001BA6AEF8C40 49] Android_Mali_G710, [000001BA6AB32C00][000001BA6B1D4D80 49] Android_Mali_G710_Vulkan, [000001BA6ABB3600][000001BA6B1D8EC0 49] Android_Vulkan_SM5, [000001BA6AB33500][000001BA6B1E1040 49] Android_PowerVR_G6xxx, [000001BA6ABB1900][000001BA6B1E51C0 49] Android_PowerVR_GT7xxx, [000001BA6AB31D00][000001BA6B1E9340 49] Android_PowerVR_GE8xxx, [000001BA6ABB2D00][000001BA6B1ED4C0 49] Android_PowerVR_GM9xxx, [000001BA6AB30800][000001BA6B1F1640 49] Android_PowerVR_GM9xxx_Vulkan, [000001BA6ABB3100][000001BA6B1F57C0 49] Android_TegraK1, [000001BA6AB31200][000001BA6B1F9940 49] Android_Unknown_Vulkan, [000001BA6ABB2300][000001BA6B1FDAC0 49] Lumin, [000001BA6AB33700][000001BA6B2000C0 49] Lumin_Desktop, [000001BA6ABB2800][000001BA6B204240 49] HoloLens, 
[2024.02.03-11.02.51:954][  0]LogMeshReduction: Using QuadricMeshReduction for automatic static mesh reduction
[2024.02.03-11.02.51:954][  0]LogMeshReduction: Using SimplygonMeshReduction for automatic skeletal mesh reduction
[2024.02.03-11.02.51:954][  0]LogMeshReduction: Using ProxyLODMeshReduction for automatic mesh merging
[2024.02.03-11.02.51:954][  0]LogMeshReduction: No distributed automatic mesh merging module available
[2024.02.03-11.02.51:954][  0]LogMeshMerging: No distributed automatic mesh merging module available
[2024.02.03-11.02.51:975][  0]LogNetVersion: BasicTraining 1.0.0, NetCL: 17155196, EngineNetVer: 17, GameNetVer: 0 (Checksum: 1126960258)
[2024.02.03-11.02.52:324][  0]LogTexture: Default maximum texture size for cubemaps generated from long-lat sources has been changed from 512 to unlimited. In order to preserve old behaiour for '/Engine/MapTemplates/Sky/DaylightAmbientCubemap.DaylightAmbientCubemap', its maximum texture size has been explicitly set to 512.
[2024.02.03-11.02.52:371][  0]LogHMD: PokeAHoleMaterial loaded successfully
[2024.02.03-11.02.52:377][  0]LogUObjectArray: 17178 objects as part of root set at end of initial load.
[2024.02.03-11.02.52:377][  0]LogUObjectAllocator: 4302048 out of 0 bytes used by permanent object pool.
[2024.02.03-11.02.52:377][  0]LogUObjectArray: CloseDisregardForGC: 0/0 objects in disregard for GC pool
[2024.02.03-11.02.52:961][  0]LogNiagaraDebuggerClient: Niagara Debugger Client Initialized | Session: 10545BBF4396523B47404FAF3DC054F6 | Instance: 52F097994ED660AEE34DF59035EAEE8F (KIPSWANG-PC0-18408).
[2024.02.03-11.02.53:221][  0]LogUdpMessaging: Initializing bridge on interface 0.0.0.0:0 to multicast group 230.0.0.1:6666.
[2024.02.03-11.02.53:229][  0]LogTcpMessaging: Initializing TcpMessaging bridge
[2024.02.03-11.02.53:254][  0]LogPython: Using Python 3.7.7
