AndroidPlatformFactory.RegisterBuildPlatforms: UnrealBuildTool.AndroidPlatformSDK has no valid SDK
IOSPlatformFactory.RegisterBuildPlatforms: UnrealBuildTool.IOSPlatformSDK has no valid SDK
HTML5PlatformFactory.RegisterBuildPlatforms: UnrealBuildTool.HTML5PlatformSDK using manually installed SDK
LinuxPlatformFactory.RegisterBuildPlatforms: UnrealBuildTool.LinuxPlatformSDK has no valid SDK
WindowsPlatformFactory.RegisterBuildPlatforms: UnrealBuildTool.WindowsPlatformSDK using manually installed SDK
ProjectFileGenerator.GenerateProjectFiles: Discovering modules, targets and source code for project...
WindowsPlatform.FindVSInstallDirs: Found Visual Studio installation: C:\Program Files (x86)\Microsoft Visual Studio\2019\Professional (Product=Microsoft.VisualStudio.Product.Professional, Version=16.9.31313.79, Sort=0)
WindowsPlatform.FindToolChainDirs: Found Visual Studio toolchain: C:\Program Files (x86)\Microsoft Visual Studio\2019\Professional\VC\Tools\MSVC\14.28.29910 (Version=14.28.29910)
DynamicCompilation.RequiresCompilation: Compiling C:\Program Files\Epic Games\UE_4.23\Engine\Intermediate\Build\BuildRules\UE4Rules.dll: Added source file (C:\Program Files\Epic Games\UE_4.23\Engine\Intermediate\Build\BuildRules\UE4RulesSourceFiles.txt)
DynamicCompilation.CompileAssembly: While compiling C:\Program Files\Epic Games\UE_4.23\Engine\Intermediate\Build\BuildRules\UE4Rules.dll:
DynamicCompilation.CompileAssembly: c:\Program Files\Epic Games\UE_4.23\Engine\Plugins\Marketplace\Developer\RiderLink\Source\RiderGameControl\RiderGameControl.Build.cs(3,14) : error CS0101: 命名空间“<全局命名空间>”已经包含了“RiderGameControl”的定义
DynamicCompilation.CompileAssembly: c:\Program Files\Epic Games\UE_4.23\Engine\Plugins\Marketplace\Developer\RiderLink\Source\RD\RD.Build.cs(4,14) : error CS0101: 命名空间“<全局命名空间>”已经包含了“RD”的定义
DynamicCompilation.CompileAssembly: c:\Program Files\Epic Games\UE_4.23\Engine\Plugins\Marketplace\Developer\RiderLink\Source\RiderLogging\RiderLogging.Build.cs(3,14) : error CS0101: 命名空间“<全局命名空间>”已经包含了“RiderLogging”的定义
DynamicCompilation.CompileAssembly: c:\Program Files\Epic Games\UE_4.23\Engine\Plugins\Marketplace\Developer\RiderLink\Source\RiderLink\RiderLink.Build.cs(4,14) : error CS0101: 命名空间“<全局命名空间>”已经包含了“RiderLink”的定义
DynamicCompilation.CompileAssembly: c:\Program Files\Epic Games\UE_4.23\Engine\Plugins\Marketplace\Developer\RiderLink\Source\RiderShaderInfo\RiderShaderInfo.Build.cs(3,14) : error CS0101: 命名空间“<全局命名空间>”已经包含了“RiderShaderInfo”的定义
DynamicCompilation.CompileAssembly: c:\Program Files\Epic Games\UE_4.23\Engine\Plugins\Marketplace\Developer\RiderLink\Source\RiderBlueprint\RiderBlueprint.Build.cs(3,14) : error CS0101: 命名空间“<全局命名空间>”已经包含了“RiderBlueprint”的定义
UnrealBuildTool.Main: ERROR: Unable to compile source files.
UnrealBuildTool.Main: BuildException: Unable to compile source files.
UnrealBuildTool.Main:    在 UnrealBuildTool.DynamicCompilation.CompileAssembly(FileReference OutputAssemblyPath, HashSet`1 SourceFileNames, List`1 ReferencedAssembies, List`1 PreprocessorDefines, Boolean TreatWarningsAsErrors) 位置 D:\Build\++UE4\Sync\Engine\Saved\CsTools\Engine\Source\Programs\UnrealBuildTool\System\DynamicCompilation.cs:行号 362
UnrealBuildTool.Main:    在 UnrealBuildTool.DynamicCompilation.CompileAndLoadAssembly(FileReference OutputAssemblyPath, HashSet`1 SourceFileNames, List`1 ReferencedAssembies, List`1 PreprocessorDefines, Boolean DoNotCompile, Boolean TreatWarningsAsErrors) 位置 D:\Build\++UE4\Sync\Engine\Saved\CsTools\Engine\Source\Programs\UnrealBuildTool\System\DynamicCompilation.cs:行号 428
UnrealBuildTool.Main:    在 UnrealBuildTool.RulesAssembly..ctor(RulesScope Scope, DirectoryReference BaseDir, IReadOnlyList`1 Plugins, Dictionary`2 ModuleFileToContext, List`1 TargetFiles, FileReference AssemblyFileName, Boolean bContainsEngineModules, Boolean bUseBackwardsCompatibleDefaults, Boolean bReadOnly, Boolean bSkipCompile, RulesAssembly Parent) 位置 D:\Build\++UE4\Sync\Engine\Saved\CsTools\Engine\Source\Programs\UnrealBuildTool\System\RulesAssembly.cs:行号 115
UnrealBuildTool.Main:    在 UnrealBuildTool.RulesCompiler.CreateEngineOrEnterpriseRulesAssembly(RulesScope Scope, List`1 RootDirectories, String AssemblyPrefix, IReadOnlyList`1 Plugins, Boolean bReadOnly, Boolean bSkipCompile, RulesAssembly Parent) 位置 D:\Build\++UE4\Sync\Engine\Saved\CsTools\Engine\Source\Programs\UnrealBuildTool\System\RulesCompiler.cs:行号 463
UnrealBuildTool.Main:    在 UnrealBuildTool.RulesCompiler.CreateEngineRulesAssembly(Boolean bUsePrecompiled, Boolean bSkipCompile) 位置 D:\Build\++UE4\Sync\Engine\Saved\CsTools\Engine\Source\Programs\UnrealBuildTool\System\RulesCompiler.cs:行号 382
UnrealBuildTool.Main:    在 UnrealBuildTool.ProjectFileGenerator.AddProjectsForAllTargets(PlatformProjectGeneratorCollection PlatformProjectGenerators, List`1 AllGames, List`1 AllTargetFiles, ProjectFile& EngineProject, ProjectFile& EnterpriseProject, List`1& GameProjects, Dictionary`2& ProgramProjects) 位置 D:\Build\++UE4\Sync\Engine\Saved\CsTools\Engine\Source\Programs\UnrealBuildTool\ProjectFiles\ProjectFileGenerator.cs:行号 2134
UnrealBuildTool.Main:    在 UnrealBuildTool.ProjectFileGenerator.GenerateProjectFiles(PlatformProjectGeneratorCollection PlatformProjectGenerators, String[] Arguments) 位置 D:\Build\++UE4\Sync\Engine\Saved\CsTools\Engine\Source\Programs\UnrealBuildTool\ProjectFiles\ProjectFileGenerator.cs:行号 689
UnrealBuildTool.Main:    在 UnrealBuildTool.GenerateProjectFilesMode.Execute(CommandLineArguments Arguments) 位置 D:\Build\++UE4\Sync\Engine\Saved\CsTools\Engine\Source\Programs\UnrealBuildTool\Modes\GenerateProjectFilesMode.cs:行号 172
UnrealBuildTool.Main:    在 UnrealBuildTool.UnrealBuildTool.Main(String[] ArgumentsArray) 位置 D:\Build\++UE4\Sync\Engine\Saved\CsTools\Engine\Source\Programs\UnrealBuildTool\UnrealBuildTool.cs:行号 477
Timeline.Print: Timeline:
Timeline.Print: 
Timeline.Print: [ 0.000]
Timeline.Print: [ 0.000](+0.029) <unknown>
Timeline.Print: [ 0.029](+0.145) XmlConfig.ReadConfigFiles()
Timeline.Print: [ 0.175](+0.000) SingleInstanceMutex.Acquire()
Timeline.Print: [ 0.175](+0.055) UEBuildPlatform.RegisterPlatforms()
Timeline.Print:   0.176          [ 0.000](+0.022) Initializing InstalledPlatformInfo
Timeline.Print:   0.198          [ 0.023](+0.000) Querying types
Timeline.Print:   0.200          [ 0.024](+0.001) MacPlatformFactory
Timeline.Print:   0.201          [ 0.025](+0.000) TVOSPlatformFactory
Timeline.Print:   0.201          [ 0.025](+0.006) AndroidPlatformFactory
Timeline.Print:   0.207          [ 0.031](+0.000) HoloLensPlatformFactory
Timeline.Print:   0.208          [ 0.032](+0.015) IOSPlatformFactory
Timeline.Print:   0.223          [ 0.047](+0.004) HTML5PlatformFactory
Timeline.Print:   0.228          [ 0.052](+0.001) LinuxPlatformFactory
Timeline.Print:   0.230          [ 0.054](+0.000) LuminPlatformFactory
Timeline.Print:   0.230          [ 0.054](+0.001) WindowsPlatformFactory
Timeline.Print: [ 0.231](+0.267) <unknown>
Timeline.Print: [ 0.498](+0.001) Finding engine modules
Timeline.Print: [ 0.500](+0.003) Finding plugin modules
Timeline.Print: [ 0.511](+0.407) Compiling rules assembly (UE4Rules.dll)
Timeline.Print: [ 0.936](+0.000) FileMetadataPrefetch.Stop()
Timeline.Print: [ 0.937]
